2025-06-08 20:21:47,534 [INFO] Activator:176 - 


2025-06-08 20:21:47,596 [INFO] Activator:177 - !SESSION log4j initialized
2025-06-08 20:21:58,646 [INFO] LogOutputStream:77 - [STDOUT_REDIRECT] 
2025-06-08 20:22:02,854 [INFO] ApplicationProperties:184 - Using Application install path: D:\STM32CubeIDE_1.18.0\STM32CubeIDE\plugins\com.st.stm32cube.common.mx_6.14.1.202504091515
2025-06-08 20:22:02,936 [INFO] DbMcusXml:78 - Set database path to: D:\STM32CubeIDE_1.18.0\STM32CubeIDE\plugins\com.st.stm32cube.common.mx_6.14.1.202504091515\\db\/mcu/
2025-06-08 20:22:02,936 [INFO] ApiDb:274 - Set plugin database path to: D:\STM32CubeIDE_1.18.0\STM32CubeIDE\plugins\com.st.stm32cube.common.mx_6.14.1.202504091515\\db\/plugins/boardmanager/
2025-06-08 20:22:02,938 [WARN] ApiDb:259 - Overriding images path with different value:  => D:\STM32CubeIDE_1.18.0\STM32CubeIDE\plugins\com.st.stm32cube.common.mx_6.14.1.202504091515\\db\/plugins/mcufinder/images/
2025-06-08 20:22:03,062 [INFO] ApiDb:250 - Set database path to: C:\Users\jayan\.stmcufinder\plugins\mcufinder//mcu/
2025-06-08 20:22:03,065 [INFO] DbMcusAds:125 - Set database path to: C:\Users\jayan\.stmcufinder\plugins\mcufinder//mcu/
2025-06-08 20:22:03,070 [INFO] CrossReferenceDbSqlite:203 - Set database path to: C:\Users\jayan\.stmcufinder\plugins\mcufinder//mcu/cs/
2025-06-08 20:22:03,507 [INFO] RulesReader:64 - Compatibility file has been processed (302 Rules)
2025-06-08 20:22:03,729 [INFO] DbMcusXml:78 - Set database path to: D:\STM32CubeIDE_1.18.0\STM32CubeIDE\plugins\com.st.stm32cube.common.mx_6.14.1.202504091515\\db\/mcu/
2025-06-08 20:22:03,730 [INFO] ApiDb:274 - Set plugin database path to: D:\STM32CubeIDE_1.18.0\STM32CubeIDE\plugins\com.st.stm32cube.common.mx_6.14.1.202504091515\\db\/plugins/boardmanager/
2025-06-08 20:22:03,730 [INFO] ApiDb:261 - Set plugin images path to: D:\STM32CubeIDE_1.18.0\STM32CubeIDE\plugins\com.st.stm32cube.common.mx_6.14.1.202504091515\\db\/plugins/mcufinder/images/
2025-06-08 20:22:03,730 [WARN] DbFile:41 - Overriding database path with different value: C:\Users\jayan\.stmcufinder\plugins\mcufinder/ => C:\Users\jayan\.stmcufinder\plugins\mcufinder
2025-06-08 20:22:03,730 [INFO] ApiDb:250 - Set database path to: C:\Users\jayan\.stmcufinder\plugins\mcufinder//mcu/
2025-06-08 20:22:03,730 [WARN] DbFile:41 - Overriding database path with different value: C:\Users\jayan\.stmcufinder\plugins\mcufinder/ => C:\Users\jayan\.stmcufinder\plugins\mcufinder
2025-06-08 20:22:03,730 [INFO] DbMcusAds:125 - Set database path to: C:\Users\jayan\.stmcufinder\plugins\mcufinder//mcu/
2025-06-08 20:22:03,730 [WARN] DbFile:41 - Overriding database path with different value: C:\Users\jayan\.stmcufinder\plugins\mcufinder/ => C:\Users\jayan\.stmcufinder\plugins\mcufinder
2025-06-08 20:22:03,730 [WARN] DbFile:41 - Overriding database path with different value: C:\Users\jayan\.stmcufinder\plugins\mcufinder/ => C:\Users\jayan\.stmcufinder\plugins\mcufinder
2025-06-08 20:22:03,730 [INFO] CrossReferenceDbSqlite:203 - Set database path to: C:\Users\jayan\.stmcufinder\plugins\mcufinder//mcu/cs/
2025-06-08 20:22:03,918 [INFO] MainPanel:272 - HeapMemory: 268435456
2025-06-08 20:22:04,550 [INFO] DbMcusXml:78 - Set database path to: D:\STM32CubeIDE_1.18.0\STM32CubeIDE\plugins\com.st.stm32cube.common.mx_6.14.1.202504091515\\db\/mcu/
2025-06-08 20:22:04,550 [INFO] ApiDb:274 - Set plugin database path to: D:\STM32CubeIDE_1.18.0\STM32CubeIDE\plugins\com.st.stm32cube.common.mx_6.14.1.202504091515\\db\/plugins/boardmanager/
2025-06-08 20:22:04,550 [INFO] ApiDb:261 - Set plugin images path to: D:\STM32CubeIDE_1.18.0\STM32CubeIDE\plugins\com.st.stm32cube.common.mx_6.14.1.202504091515\\db\/plugins/mcufinder/images/
2025-06-08 20:22:04,551 [WARN] DbFile:41 - Overriding database path with different value: C:\Users\jayan\.stmcufinder\plugins\mcufinder/ => C:\Users\jayan\.stmcufinder\plugins\mcufinder
2025-06-08 20:22:04,551 [INFO] ApiDb:250 - Set database path to: C:\Users\jayan\.stmcufinder\plugins\mcufinder//mcu/
2025-06-08 20:22:04,551 [WARN] DbFile:41 - Overriding database path with different value: C:\Users\jayan\.stmcufinder\plugins\mcufinder/ => C:\Users\jayan\.stmcufinder\plugins\mcufinder
2025-06-08 20:22:04,551 [INFO] DbMcusAds:125 - Set database path to: C:\Users\jayan\.stmcufinder\plugins\mcufinder//mcu/
2025-06-08 20:22:04,551 [WARN] DbFile:41 - Overriding database path with different value: C:\Users\jayan\.stmcufinder\plugins\mcufinder/ => C:\Users\jayan\.stmcufinder\plugins\mcufinder
2025-06-08 20:22:04,551 [WARN] DbFile:41 - Overriding database path with different value: C:\Users\jayan\.stmcufinder\plugins\mcufinder/ => C:\Users\jayan\.stmcufinder\plugins\mcufinder
2025-06-08 20:22:04,552 [INFO] CrossReferenceDbSqlite:203 - Set database path to: C:\Users\jayan\.stmcufinder\plugins\mcufinder//mcu/cs/
2025-06-08 20:22:04,600 [INFO] ApplicationProperties:184 - Using Application install path: D:\STM32CubeIDE_1.18.0\STM32CubeIDE\plugins\com.st.stm32cube.common.mx_6.14.1.202504091515
2025-06-08 20:22:04,602 [INFO] PluginManage:196 - Search for loadable plugins [exclusion list=, ]
2025-06-08 20:22:04,605 [INFO] PluginManage:310 - Check plugin analytics
2025-06-08 20:22:05,383 [INFO] AnalyticsPlugin:253 - Accepted Software Licenses: 
2025-06-08 20:22:05,384 [INFO] AnalyticsPlugin:255 - Accepted CMSIS Pack Licenses: 
2025-06-08 20:22:05,384 [INFO] AnalyticsPlugin:257 - Accepted Firmware Licenses: FW.F4.1.28.0
2025-06-08 20:22:05,390 [INFO] PluginManage:359 - Loaded plugin analytics (category:tool,tabindex:-1)
2025-06-08 20:22:05,390 [INFO] PluginManage:310 - Check plugin cadmodel
2025-06-08 20:22:05,441 [INFO] CADModel:105 - Init CAD model plugin
2025-06-08 20:22:05,441 [INFO] PluginManage:359 - Loaded plugin cadmodel (category:power,tabindex:5)
2025-06-08 20:22:05,441 [INFO] PluginManage:310 - Check plugin clock
2025-06-08 20:22:05,503 [INFO] PluginManage:359 - Loaded plugin clock (category:base,tabindex:2)
2025-06-08 20:22:05,504 [INFO] PluginManage:310 - Check plugin ddr
2025-06-08 20:22:05,525 [INFO] PluginManage:359 - Loaded plugin ddr (category:tool,tabindex:6)
2025-06-08 20:22:05,527 [INFO] PluginManage:310 - Check plugin filemanager
2025-06-08 20:22:06,207 [INFO] PluginManage:359 - Loaded plugin filemanager (category:base,tabindex:10)
2025-06-08 20:22:06,207 [INFO] PluginManage:310 - Check plugin ipmanager
2025-06-08 20:22:06,258 [INFO] PluginManage:359 - Loaded plugin ipmanager (category:base,tabindex:5)
2025-06-08 20:22:06,258 [INFO] PluginManage:310 - Check plugin lpbam
2025-06-08 20:22:06,304 [INFO] PluginManage:359 - Loaded plugin lpbam (category:base,tabindex:0)
2025-06-08 20:22:06,304 [INFO] PluginManage:310 - Check plugin memorymap
2025-06-08 20:22:06,368 [INFO] PluginManage:359 - Loaded plugin memorymap (category:base,tabindex:4)
2025-06-08 20:22:06,368 [INFO] PluginManage:310 - Check plugin pinoutandconfiguration
2025-06-08 20:22:06,417 [INFO] PluginManage:359 - Loaded plugin pinoutandconfiguration (category:base,tabindex:1)
2025-06-08 20:22:06,417 [INFO] PluginManage:310 - Check plugin pinoutconfig
2025-06-08 20:22:06,601 [WARN] SupportedApi:132 - Cannot load RTOS API schema: s4s-elt-must-match.1: The content of 'definitions' must match (annotation?, (simpleType | complexType)?, (unique | key | keyref)*)). A problem was found starting at: attribute.
2025-06-08 20:22:06,843 [INFO] PluginManage:359 - Loaded plugin pinoutconfig (category:base,tabindex:0)
2025-06-08 20:22:06,843 [INFO] PluginManage:310 - Check plugin power
2025-06-08 20:22:06,903 [INFO] PluginManage:359 - Loaded plugin power (category:power,tabindex:4)
2025-06-08 20:22:06,903 [INFO] PluginManage:310 - Check plugin projectmanager
2025-06-08 20:22:06,933 [INFO] PluginManage:359 - Loaded plugin projectmanager (category:projectmanager,tabindex:4)
2025-06-08 20:22:06,933 [INFO] PluginManage:310 - Check plugin rif
2025-06-08 20:22:06,983 [INFO] PluginManage:359 - Loaded plugin rif (category:base,tabindex:3)
2025-06-08 20:22:06,983 [INFO] PluginManage:310 - Check plugin thirdparty
2025-06-08 20:22:07,394 [INFO] PluginManage:359 - Loaded plugin thirdparty (category:base,tabindex:-1)
2025-06-08 20:22:07,394 [WARN] IntegrityCheckThread:84 - waiting for thirdparty lock release [integrity check]
2025-06-08 20:22:07,395 [INFO] PluginManage:310 - Check plugin tools
2025-06-08 20:22:07,395 [INFO] IntegrityCheckThread:86 - entering critical section [integrity check]
2025-06-08 20:22:07,396 [INFO] ThirdPartyUpdaterWithRetryManager:70 - Updater plugin not ready yet. [1/15]
2025-06-08 20:22:07,420 [INFO] PluginManage:359 - Loaded plugin tools (category:base,tabindex:7)
2025-06-08 20:22:07,420 [INFO] PluginManage:310 - Check plugin tutovideos
2025-06-08 20:22:07,932 [INFO] PluginManage:359 - Loaded plugin tutovideos (category:base,tabindex:-1)
2025-06-08 20:22:07,932 [INFO] PluginManage:310 - Check plugin updater
2025-06-08 20:22:07,978 [INFO] PluginManage:359 - Loaded plugin updater (category:base,tabindex:12)
2025-06-08 20:22:07,979 [INFO] PluginManage:310 - Check plugin userauth
2025-06-08 20:22:07,994 [INFO] UserAuth:118 - Init User Auth plugin
2025-06-08 20:22:07,995 [INFO] PluginManage:359 - Loaded plugin userauth (category:base,tabindex:14)
2025-06-08 20:22:07,996 [INFO] PluginManage:283 - PluginManage : Loaded plugins [18]
2025-06-08 20:22:08,543 [INFO] PinOutPanel:1589 - setPackage(No Configuration,No Configuration)
2025-06-08 20:22:08,812 [INFO] CADModel:165 - CPN selected for project level
2025-06-08 20:22:08,812 [INFO] CADModel:114 - Register for checkConnection events
2025-06-08 20:22:08,893 [INFO] IPUIPlugin:80 - create IPUIPlugin
2025-06-08 20:22:08,893 [INFO] PluginManager:220 - loadIPPluginJar : add adc
2025-06-08 20:22:08,906 [INFO] IPUIPlugin:80 - create IPUIPlugin
2025-06-08 20:22:08,906 [INFO] PluginManager:220 - loadIPPluginJar : add aes
2025-06-08 20:22:08,920 [INFO] IPUIPlugin:80 - create IPUIPlugin
2025-06-08 20:22:08,920 [INFO] PluginManager:220 - loadIPPluginJar : add can
2025-06-08 20:22:08,922 [INFO] IPUIPlugin:80 - create IPUIPlugin
2025-06-08 20:22:08,923 [INFO] PluginManager:220 - loadIPPluginJar : add comp
2025-06-08 20:22:08,926 [INFO] IPUIPlugin:80 - create IPUIPlugin
2025-06-08 20:22:08,927 [INFO] PluginManager:220 - loadIPPluginJar : add cryp
2025-06-08 20:22:08,972 [INFO] IPUIPlugin:80 - create IPUIPlugin
2025-06-08 20:22:08,973 [INFO] PluginManager:220 - loadIPPluginJar : add ddr_ctrl_phy
2025-06-08 20:22:08,977 [INFO] IPUIPlugin:80 - create IPUIPlugin
2025-06-08 20:22:08,977 [INFO] PluginManager:220 - loadIPPluginJar : add dfsdm
2025-06-08 20:22:08,986 [INFO] IPUIPlugin:80 - create IPUIPlugin
2025-06-08 20:22:08,987 [INFO] PluginManager:220 - loadIPPluginJar : add dma
2025-06-08 20:22:08,992 [INFO] IPUIPlugin:80 - create IPUIPlugin
2025-06-08 20:22:08,992 [INFO] PluginManager:220 - loadIPPluginJar : add dma3
2025-06-08 20:22:09,007 [INFO] IPUIPlugin:80 - create IPUIPlugin
2025-06-08 20:22:09,007 [INFO] PluginManager:220 - loadIPPluginJar : add extmemmanager
2025-06-08 20:22:09,018 [INFO] IPUIPlugin:80 - create IPUIPlugin
2025-06-08 20:22:09,018 [INFO] PluginManager:220 - loadIPPluginJar : add fatfs
2025-06-08 20:22:09,024 [INFO] IPUIPlugin:80 - create IPUIPlugin
2025-06-08 20:22:09,024 [INFO] PluginManager:220 - loadIPPluginJar : add fmc
2025-06-08 20:22:09,060 [INFO] IPUIPlugin:80 - create IPUIPlugin
2025-06-08 20:22:09,060 [INFO] PluginManager:220 - loadIPPluginJar : add freertos
2025-06-08 20:22:09,096 [INFO] IPUIPlugin:80 - create IPUIPlugin
2025-06-08 20:22:09,096 [INFO] PluginManager:220 - loadIPPluginJar : add genericplugin
2025-06-08 20:22:09,105 [INFO] IPUIPlugin:80 - create IPUIPlugin
2025-06-08 20:22:09,105 [INFO] PluginManager:220 - loadIPPluginJar : add gfxmmu
2025-06-08 20:22:09,111 [INFO] IPUIPlugin:80 - create IPUIPlugin
2025-06-08 20:22:09,111 [INFO] PluginManager:220 - loadIPPluginJar : add gic
2025-06-08 20:22:09,117 [INFO] IPUIPlugin:80 - create IPUIPlugin
2025-06-08 20:22:09,117 [INFO] PluginManager:220 - loadIPPluginJar : add gpio
2025-06-08 20:22:09,139 [INFO] IPUIPlugin:80 - create IPUIPlugin
2025-06-08 20:22:09,139 [INFO] PluginManager:220 - loadIPPluginJar : add gtzc
2025-06-08 20:22:09,143 [INFO] IPUIPlugin:80 - create IPUIPlugin
2025-06-08 20:22:09,144 [INFO] PluginManager:220 - loadIPPluginJar : add hash
2025-06-08 20:22:09,148 [INFO] IPUIPlugin:80 - create IPUIPlugin
2025-06-08 20:22:09,148 [INFO] PluginManager:220 - loadIPPluginJar : add i2c
2025-06-08 20:22:09,152 [INFO] IPUIPlugin:80 - create IPUIPlugin
2025-06-08 20:22:09,152 [INFO] PluginManager:220 - loadIPPluginJar : add i2s
2025-06-08 20:22:09,161 [INFO] IPUIPlugin:80 - create IPUIPlugin
2025-06-08 20:22:09,161 [INFO] PluginManager:220 - loadIPPluginJar : add i3c
2025-06-08 20:22:09,183 [INFO] IPUIPlugin:80 - create IPUIPlugin
2025-06-08 20:22:09,184 [INFO] PluginManager:220 - loadIPPluginJar : add ipddr
2025-06-08 20:22:09,204 [INFO] IPUIPlugin:80 - create IPUIPlugin
2025-06-08 20:22:09,204 [INFO] PluginManager:220 - loadIPPluginJar : add linkedlist
2025-06-08 20:22:09,210 [INFO] IPUIPlugin:80 - create IPUIPlugin
2025-06-08 20:22:09,211 [INFO] PluginManager:220 - loadIPPluginJar : add lorawan
2025-06-08 20:22:09,226 [INFO] IPUIPlugin:80 - create IPUIPlugin
2025-06-08 20:22:09,226 [INFO] PluginManager:220 - loadIPPluginJar : add ltdc
2025-06-08 20:22:09,239 [INFO] IPUIPlugin:80 - create IPUIPlugin
2025-06-08 20:22:09,240 [INFO] PluginManager:220 - loadIPPluginJar : add mdma
2025-06-08 20:22:09,249 [INFO] IPUIPlugin:80 - create IPUIPlugin
2025-06-08 20:22:09,249 [INFO] PluginManager:220 - loadIPPluginJar : add nvic
2025-06-08 20:22:09,256 [INFO] IPUIPlugin:80 - create IPUIPlugin
2025-06-08 20:22:09,257 [INFO] PluginManager:220 - loadIPPluginJar : add opamp
2025-06-08 20:22:09,274 [INFO] IPUIPlugin:80 - create IPUIPlugin
2025-06-08 20:22:09,274 [INFO] PluginManager:220 - loadIPPluginJar : add openamp
2025-06-08 20:22:09,281 [INFO] IPUIPlugin:80 - create IPUIPlugin
2025-06-08 20:22:09,281 [INFO] PluginManager:220 - loadIPPluginJar : add pdm2pcm
2025-06-08 20:22:09,295 [INFO] IPUIPlugin:80 - create IPUIPlugin
2025-06-08 20:22:09,298 [INFO] PluginManager:220 - loadIPPluginJar : add plateformsettings
2025-06-08 20:22:09,303 [INFO] IPUIPlugin:80 - create IPUIPlugin
2025-06-08 20:22:09,303 [INFO] PluginManager:220 - loadIPPluginJar : add quadspi
2025-06-08 20:22:09,338 [INFO] IPUIPlugin:80 - create IPUIPlugin
2025-06-08 20:22:09,342 [INFO] PluginManager:220 - loadIPPluginJar : add radio
2025-06-08 20:22:09,363 [INFO] IPUIPlugin:80 - create IPUIPlugin
2025-06-08 20:22:09,363 [INFO] PluginManager:220 - loadIPPluginJar : add resmgrutility
2025-06-08 20:22:09,386 [INFO] IPUIPlugin:80 - create IPUIPlugin
2025-06-08 20:22:09,386 [INFO] PluginManager:220 - loadIPPluginJar : add sai
2025-06-08 20:22:09,393 [INFO] IPUIPlugin:80 - create IPUIPlugin
2025-06-08 20:22:09,394 [INFO] PluginManager:220 - loadIPPluginJar : add spi
2025-06-08 20:22:09,422 [INFO] IPUIPlugin:80 - create IPUIPlugin
2025-06-08 20:22:09,422 [INFO] PluginManager:220 - loadIPPluginJar : add stm32_wpan
2025-06-08 20:22:09,425 [INFO] IPUIPlugin:80 - create IPUIPlugin
2025-06-08 20:22:09,426 [INFO] PluginManager:220 - loadIPPluginJar : add tim
2025-06-08 20:22:09,431 [INFO] IPUIPlugin:80 - create IPUIPlugin
2025-06-08 20:22:09,432 [INFO] PluginManager:220 - loadIPPluginJar : add touchsensing
2025-06-08 20:22:09,435 [INFO] IPUIPlugin:80 - create IPUIPlugin
2025-06-08 20:22:09,435 [INFO] PluginManager:220 - loadIPPluginJar : add tracer_emb
2025-06-08 20:22:09,447 [INFO] IPUIPlugin:80 - create IPUIPlugin
2025-06-08 20:22:09,447 [INFO] PluginManager:220 - loadIPPluginJar : add ts
2025-06-08 20:22:09,451 [INFO] IPUIPlugin:80 - create IPUIPlugin
2025-06-08 20:22:09,452 [INFO] PluginManager:220 - loadIPPluginJar : add tsc
2025-06-08 20:22:09,455 [INFO] IPUIPlugin:80 - create IPUIPlugin
2025-06-08 20:22:09,455 [INFO] PluginManager:220 - loadIPPluginJar : add ucpd
2025-06-08 20:22:09,460 [INFO] IPUIPlugin:80 - create IPUIPlugin
2025-06-08 20:22:09,460 [INFO] PluginManager:220 - loadIPPluginJar : add usart
2025-06-08 20:22:09,465 [INFO] IPUIPlugin:80 - create IPUIPlugin
2025-06-08 20:22:09,466 [INFO] PluginManager:220 - loadIPPluginJar : add usbx
2025-06-08 20:22:09,644 [FATAL] Updater:351 - Updater called before beeing initialized
2025-06-08 20:22:09,720 [INFO] RulesReader:64 - Compatibility file has been processed (302 Rules)
2025-06-08 20:22:09,738 [INFO] RulesReader:64 - Compatibility file has been processed (302 Rules)
2025-06-08 20:22:09,752 [INFO] CADModel:165 - CPN selected for project level
2025-06-08 20:22:09,752 [INFO] CADModel:114 - Register for checkConnection events
2025-06-08 20:22:09,752 [FATAL] Updater:351 - Updater called before beeing initialized
2025-06-08 20:22:09,752 [ERROR] CADModel:125 - Updater not yet initialized, retry later 
2025-06-08 20:22:10,235 [FATAL] Updater:351 - Updater called before beeing initialized
2025-06-08 20:22:10,239 [INFO] CADModel:165 - CPN selected for project level
2025-06-08 20:22:10,239 [INFO] CADModel:114 - Register for checkConnection events
2025-06-08 20:22:10,239 [FATAL] Updater:351 - Updater called before beeing initialized
2025-06-08 20:22:10,239 [ERROR] CADModel:125 - Updater not yet initialized, retry later 
2025-06-08 20:22:10,273 [FATAL] Updater:351 - Updater called before beeing initialized
2025-06-08 20:22:10,397 [INFO] ThirdPartyUpdaterWithRetryManager:70 - Updater plugin not ready yet. [2/15]
2025-06-08 20:22:10,445 [FATAL] Updater:351 - Updater called before beeing initialized
2025-06-08 20:22:10,479 [INFO] DbMcusAds:53 - JSON generation date=Wed May 07 14:37:55 IST 2025 (1746608875484)
2025-06-08 20:22:10,479 [FATAL] Updater:351 - Updater called before beeing initialized
2025-06-08 20:22:10,630 [WARN] DetailPanel:346 - Failed to get advertising image, set to default
2025-06-08 20:22:10,954 [FATAL] Updater:351 - Updater called before beeing initialized
2025-06-08 20:22:10,958 [FATAL] Updater:351 - Updater called before beeing initialized
2025-06-08 20:22:10,958 [FATAL] Updater:351 - Updater called before beeing initialized
2025-06-08 20:22:10,958 [WARN] DetailPanel:346 - Failed to get advertising image, set to default
2025-06-08 20:22:10,959 [FATAL] Updater:351 - Updater called before beeing initialized
2025-06-08 20:22:11,056 [ERROR] Updater:1198 - MainUpdater not yet initialized. External WinMGr cannot be set.
2025-06-08 20:22:11,062 [INFO] Updater:1134 - Updater Version found : 6.14.1
2025-06-08 20:22:11,134 [INFO] ApplicationProperties:184 - Using Application install path: D:\STM32CubeIDE_1.18.0\STM32CubeIDE\plugins\com.st.stm32cube.common.mx_6.14.1.202504091515
2025-06-08 20:22:12,892 [ERROR] LogOutputStream:75 - [STDERR_REDIRECT] Jun 08, 2025 8:22:12 PM java.util.prefs.WindowsPreferences <init>
2025-06-08 20:22:12,896 [ERROR] LogOutputStream:75 - [STDERR_REDIRECT] WARNING: Could not open/create prefs root node Software\JavaSoft\Prefs at root 0xffffffff80000002. Windows RegCreateKeyEx(...) returned error code 5.
2025-06-08 20:22:12,897 [ERROR] LogOutputStream:75 - [STDERR_REDIRECT] 
2025-06-08 20:22:13,399 [FATAL] Updater:351 - Updater called before beeing initialized
2025-06-08 20:22:13,399 [ERROR] IntegrityCheckThread:130 - Cannot retrieve database content from updater: error 21
2025-06-08 20:22:13,400 [INFO] ThirdParty:978 - Integrity check success = false
2025-06-08 20:22:13,400 [INFO] IntegrityCheckThread:100 - exiting critical section [integrity check]
2025-06-08 20:22:13,400 [INFO] IntegrityCheckThread:103 - End integrity checks thread
2025-06-08 20:22:15,531 [WARN] CheckConnectionManager:291 - Warning during Server Connection :  timeout Read timed out
2025-06-08 20:22:17,731 [WARN] CheckConnectionManager:291 - Warning during Server Connection :  timeout Read timed out
2025-06-08 20:22:17,740 [INFO] MainUpdater:2872 - connection check result : 22
2025-06-08 20:22:17,741 [INFO] MainUpdater:289 - Updater Check For Update Now.
2025-06-08 20:22:17,742 [INFO] MicroXplorer:498 - Change Database Version : DB.6.0.141
2025-06-08 20:22:17,869 [INFO] McuFinderGlobals:63 - Set McuFinder mode to 2 (CubeIDE integrated)
2025-06-08 20:22:17,874 [INFO] UserAuth:484 - Internet connection configuration mode: 2
2025-06-08 20:22:17,891 [INFO] UserAuth:484 - Internet connection configuration mode: 2
2025-06-08 20:22:18,000 [INFO] CheckServerUpdateThread:120 - End of CheckServer Thread
2025-06-08 22:45:24,948 [ERROR] LogOutputStream:75 - [STDERR_REDIRECT] 
